# JRE version: OpenJDK Runtime Environment Temurin-17.0.14+7 (17.0.14+7) (build 17.0.14+7)
# Java VM: OpenJDK 64-Bit Server VM Temurin-17.0.14+7 (17.0.14+7, mixed mode, sharing, tiered, compressed oops, compressed class ptrs, g1 gc, windows-amd64)
GC Precious Log:
 CPUs: 8 total, 8 available
 Memory: 7998M
 Large Page Support: Disabled
 NUMA Support: Disabled
 Compressed Oops: Enabled (Zero based)
 Heap Region Size: 2M
 Heap Min Capacity: 8M
 Heap Initial Capacity: 126M
 Heap Max Capacity: 4G
 Pre-touch: Disabled
 Parallel Workers: 8
 Concurrent Workers: 2
 Concurrent Refinement Workers: 8
 Periodic GC: Disabled
Heap:
 garbage-first heap   total 321536K, used 217809K [0x0000000700000000, 0x0000000800000000)
  region size 2048K, 20 young (40960K), 1 survivors (2048K)
 Metaspace       used 102244K, committed 103424K, reserved 1179648K
  class space    used 14261K, committed 14848K, reserved 1048576K
GC Heap History (20 events):
Event: 130.583 GC heap before
{Heap before GC invocations=62 (full 0):
 garbage-first heap   total 239616K, used 190479K [0x0000000700000000, 0x0000000800000000)
  region size 2048K, 25 young (51200K), 1 survivors (2048K)
 Metaspace       used 92530K, committed 93504K, reserved 1179648K
  class space    used 12912K, committed 13376K, reserved 1048576K
}
Event: 130.589 GC heap after
{Heap after GC invocations=63 (full 0):
 garbage-first heap   total 239616K, used 142571K [0x0000000700000000, 0x0000000800000000)
  region size 2048K, 1 young (2048K), 1 survivors (2048K)
 Metaspace       used 92530K, committed 93504K, reserved 1179648K
  class space    used 12912K, committed 13376K, reserved 1048576K
}
Event: 134.575 GC heap before
{Heap before GC invocations=63 (full 0):
 garbage-first heap   total 239616K, used 193771K [0x0000000700000000, 0x0000000800000000)
  region size 2048K, 26 young (53248K), 1 survivors (2048K)
 Metaspace       used 95562K, committed 96512K, reserved 1179648K
  class space    used 13297K, committed 13760K, reserved 1048576K
}
Event: 134.580 GC heap after
{Heap after GC invocations=64 (full 0):
 garbage-first heap   total 239616K, used 143888K [0x0000000700000000, 0x0000000800000000)
  region size 2048K, 2 young (4096K), 2 survivors (4096K)
 Metaspace       used 95562K, committed 96512K, reserved 1179648K
  class space    used 13297K, committed 13760K, reserved 1048576K
}
Event: 137.364 GC heap before
{Heap before GC invocations=64 (full 0):
 garbage-first heap   total 239616K, used 197136K [0x0000000700000000, 0x0000000800000000)
  region size 2048K, 28 young (57344K), 2 survivors (4096K)
 Metaspace       used 97581K, committed 98624K, reserved 1179648K
  class space    used 13584K, committed 14080K, reserved 1048576K
}
Event: 137.374 GC heap after
{Heap after GC invocations=65 (full 0):
 garbage-first heap   total 239616K, used 148492K [0x0000000700000000, 0x0000000800000000)
  region size 2048K, 4 young (8192K), 4 survivors (8192K)
 Metaspace       used 97581K, committed 98624K, reserved 1179648K
  class space    used 13584K, committed 14080K, reserved 1048576K
}
Event: 143.380 GC heap before
{Heap before GC invocations=66 (full 0):
 garbage-first heap   total 253952K, used 197644K [0x0000000700000000, 0x0000000800000000)
  region size 2048K, 28 young (57344K), 4 survivors (8192K)
 Metaspace       used 99199K, committed 100288K, reserved 1179648K
  class space    used 13807K, committed 14336K, reserved 1048576K
}
Event: 143.402 GC heap after
{Heap after GC invocations=67 (full 0):
 garbage-first heap   total 253952K, used 152638K [0x0000000700000000, 0x0000000800000000)
  region size 2048K, 3 young (6144K), 3 survivors (6144K)
 Metaspace       used 99199K, committed 100288K, reserved 1179648K
  class space    used 13807K, committed 14336K, reserved 1048576K
}
Event: 143.592 GC heap before
{Heap before GC invocations=67 (full 0):
 garbage-first heap   total 253952K, used 158782K [0x0000000700000000, 0x0000000800000000)
  region size 2048K, 6 young (12288K), 3 survivors (6144K)
 Metaspace       used 99252K, committed 100352K, reserved 1179648K
  class space    used 13809K, committed 14336K, reserved 1048576K
}
Event: 143.599 GC heap after
{Heap after GC invocations=68 (full 0):
 garbage-first heap   total 253952K, used 153670K [0x0000000700000000, 0x0000000800000000)
  region size 2048K, 1 young (2048K), 1 survivors (2048K)
 Metaspace       used 99252K, committed 100352K, reserved 1179648K
  class space    used 13809K, committed 14336K, reserved 1048576K
}
Event: 145.930 GC heap before
{Heap before GC invocations=68 (full 0):
 garbage-first heap   total 253952K, used 208966K [0x0000000700000000, 0x0000000800000000)
  region size 2048K, 28 young (57344K), 1 survivors (2048K)
 Metaspace       used 100987K, committed 102080K, reserved 1179648K
  class space    used 14108K, committed 14656K, reserved 1048576K
}
Event: 145.939 GC heap after
{Heap after GC invocations=69 (full 0):
 garbage-first heap   total 253952K, used 160918K [0x0000000700000000, 0x0000000800000000)
  region size 2048K, 4 young (8192K), 4 survivors (8192K)
 Metaspace       used 100987K, committed 102080K, reserved 1179648K
  class space    used 14108K, committed 14656K, reserved 1048576K
}
Event: 148.515 GC heap before
{Heap before GC invocations=69 (full 0):
 garbage-first heap   total 253952K, used 208022K [0x0000000700000000, 0x0000000800000000)
  region size 2048K, 28 young (57344K), 4 survivors (8192K)
 Metaspace       used 101297K, committed 102400K, reserved 1179648K
  class space    used 14146K, committed 14656K, reserved 1048576K
}
Event: 148.533 GC heap after
{Heap after GC invocations=70 (full 0):
 garbage-first heap   total 253952K, used 174080K [0x0000000700000000, 0x0000000800000000)
  region size 2048K, 4 young (8192K), 4 survivors (8192K)
 Metaspace       used 101297K, committed 102400K, reserved 1179648K
  class space    used 14146K, committed 14656K, reserved 1048576K
}
Event: 149.512 GC heap before
{Heap before GC invocations=70 (full 0):
 garbage-first heap   total 253952K, used 206848K [0x0000000700000000, 0x0000000800000000)
  region size 2048K, 21 young (43008K), 4 survivors (8192K)
 Metaspace       used 101631K, committed 102848K, reserved 1179648K
  class space    used 14190K, committed 14784K, reserved 1048576K
}
Event: 149.522 GC heap after
{Heap after GC invocations=71 (full 0):
 garbage-first heap   total 253952K, used 178667K [0x0000000700000000, 0x0000000800000000)
  region size 2048K, 3 young (6144K), 3 survivors (6144K)
 Metaspace       used 101631K, committed 102848K, reserved 1179648K
  class space    used 14190K, committed 14784K, reserved 1048576K
}
Event: 150.241 GC heap before
{Heap before GC invocations=72 (full 0):
 garbage-first heap   total 321536K, used 205291K [0x0000000700000000, 0x0000000800000000)
  region size 2048K, 16 young (32768K), 3 survivors (6144K)
 Metaspace       used 101869K, committed 103040K, reserved 1179648K
  class space    used 14216K, committed 14784K, reserved 1048576K
}
Event: 150.250 GC heap after
{Heap after GC invocations=73 (full 0):
 garbage-first heap   total 321536K, used 181654K [0x0000000700000000, 0x0000000800000000)
  region size 2048K, 2 young (4096K), 2 survivors (4096K)
 Metaspace       used 101869K, committed 103040K, reserved 1179648K
  class space    used 14216K, committed 14784K, reserved 1048576K
}
Event: 150.534 GC heap before
{Heap before GC invocations=73 (full 0):
 garbage-first heap   total 321536K, used 191894K [0x0000000700000000, 0x0000000800000000)
  region size 2048K, 7 young (14336K), 2 survivors (4096K)
 Metaspace       used 102000K, committed 103168K, reserved 1179648K
  class space    used 14231K, committed 14784K, reserved 1048576K
}
Event: 151.544 GC heap after
{Heap after GC invocations=74 (full 0):
 garbage-first heap   total 321536K, used 182993K [0x0000000700000000, 0x0000000800000000)
  region size 2048K, 1 young (2048K), 1 survivors (2048K)
 Metaspace       used 102000K, committed 103168K, reserved 1179648K
  class space    used 14231K, committed 14784K, reserved 1048576K
}

